c:\users\youngbeom kim\source\repos\miracl_staticlib\debug\miracl_staticlib.pch
c:\users\youngbeom kim\source\repos\miracl_staticlib\debug\miracl_staticlib.pdb
c:\users\youngbeom kim\source\repos\miracl_staticlib\debug\miracl_staticlib.idb
c:\users\youngbeom kim\source\repos\miracl_staticlib\debug\pch.obj
c:\users\youngbeom kim\source\repos\miracl_staticlib\debug\mrflsh2.obj
c:\users\youngbeom kim\source\repos\miracl_staticlib\debug\mrflsh1.obj
c:\users\youngbeom kim\source\repos\miracl_staticlib\debug\mrflash.obj
c:\users\youngbeom kim\source\repos\miracl_staticlib\debug\mrfast.obj
c:\users\youngbeom kim\source\repos\miracl_staticlib\debug\mrecn2.obj
c:\users\youngbeom kim\source\repos\miracl_staticlib\debug\mrec2m.obj
c:\users\youngbeom kim\source\repos\miracl_staticlib\debug\mrebrick.obj
c:\users\youngbeom kim\source\repos\miracl_staticlib\debug\mrdouble.obj
c:\users\youngbeom kim\source\repos\miracl_staticlib\debug\mrcurve.obj
c:\users\youngbeom kim\source\repos\miracl_staticlib\debug\mrcrt.obj
c:\users\youngbeom kim\source\repos\miracl_staticlib\debug\mrcore.obj
c:\users\youngbeom kim\source\repos\miracl_staticlib\debug\mrbuild.obj
c:\users\youngbeom kim\source\repos\miracl_staticlib\debug\mrbrick.obj
c:\users\youngbeom kim\source\repos\miracl_staticlib\debug\mrbits.obj
c:\users\youngbeom kim\source\repos\miracl_staticlib\debug\mrarth3.obj
c:\users\youngbeom kim\source\repos\miracl_staticlib\debug\mrarth2.obj
c:\users\youngbeom kim\source\repos\miracl_staticlib\debug\mrarth1.obj
c:\users\youngbeom kim\source\repos\miracl_staticlib\debug\mrarth0.obj
c:\users\youngbeom kim\source\repos\miracl_staticlib\debug\mralloc.obj
c:\users\youngbeom kim\source\repos\miracl_staticlib\debug\mraes.obj
c:\users\youngbeom kim\source\repos\miracl_staticlib\debug\mrsha3.obj
c:\users\youngbeom kim\source\repos\miracl_staticlib\debug\mrscrt.obj
c:\users\youngbeom kim\source\repos\miracl_staticlib\debug\mrround.obj
c:\users\youngbeom kim\source\repos\miracl_staticlib\debug\mrrand.obj
c:\users\youngbeom kim\source\repos\miracl_staticlib\debug\mrprime.obj
c:\users\youngbeom kim\source\repos\miracl_staticlib\debug\mrpower.obj
c:\users\youngbeom kim\source\repos\miracl_staticlib\debug\mrpi.obj
c:\users\youngbeom kim\source\repos\miracl_staticlib\debug\mrmuldv.obj
c:\users\youngbeom kim\source\repos\miracl_staticlib\debug\mrmonty.obj
c:\users\youngbeom kim\source\repos\miracl_staticlib\debug\mrlucas.obj
c:\users\youngbeom kim\source\repos\miracl_staticlib\debug\mrjack.obj
c:\users\youngbeom kim\source\repos\miracl_staticlib\debug\mrio2.obj
c:\users\youngbeom kim\source\repos\miracl_staticlib\debug\mrio1.obj
c:\users\youngbeom kim\source\repos\miracl_staticlib\debug\mrgf2m.obj
c:\users\youngbeom kim\source\repos\miracl_staticlib\debug\mrgcm.obj
c:\users\youngbeom kim\source\repos\miracl_staticlib\debug\mrgcd.obj
c:\users\youngbeom kim\source\repos\miracl_staticlib\debug\mrfrnd.obj
c:\users\youngbeom kim\source\repos\miracl_staticlib\debug\mrfpe.obj
c:\users\youngbeom kim\source\repos\miracl_staticlib\debug\mrflsh4.obj
c:\users\youngbeom kim\source\repos\miracl_staticlib\debug\mrflsh3.obj
c:\users\youngbeom kim\source\repos\miracl_staticlib\debug\mrzzn4.obj
c:\users\youngbeom kim\source\repos\miracl_staticlib\debug\mrzzn3.obj
c:\users\youngbeom kim\source\repos\miracl_staticlib\debug\mrzzn2b.obj
c:\users\youngbeom kim\source\repos\miracl_staticlib\debug\mrzzn2.obj
c:\users\youngbeom kim\source\repos\miracl_staticlib\debug\mrxgcd.obj
c:\users\youngbeom kim\source\repos\miracl_staticlib\debug\mrstrong.obj
c:\users\youngbeom kim\source\repos\miracl_staticlib\debug\mrsroot.obj
c:\users\youngbeom kim\source\repos\miracl_staticlib\debug\mrsmall.obj
c:\users\youngbeom kim\source\repos\miracl_staticlib\debug\mrshs512.obj
c:\users\youngbeom kim\source\repos\miracl_staticlib\debug\mrshs256.obj
c:\users\youngbeom kim\source\repos\miracl_staticlib\debug\mrshs.obj
c:\users\youngbeom kim\source\repos\miracl_staticlib\debug\miracl_staticlib.obj
c:\users\youngbeom kim\source\repos\miracl_staticlib\debug\miracl_staticlib.lib
c:\users\youngbeom kim\source\repos\miracl_staticlib\debug\miracl_staticlib.tlog\cl.command.1.tlog
c:\users\youngbeom kim\source\repos\miracl_staticlib\debug\miracl_staticlib.tlog\cl.read.1.tlog
c:\users\youngbeom kim\source\repos\miracl_staticlib\debug\miracl_staticlib.tlog\cl.write.1.tlog
c:\users\youngbeom kim\source\repos\miracl_staticlib\debug\miracl_staticlib.tlog\lib-link.read.1.tlog
c:\users\youngbeom kim\source\repos\miracl_staticlib\debug\miracl_staticlib.tlog\lib-link.write.1.tlog
c:\users\youngbeom kim\source\repos\miracl_staticlib\debug\miracl_staticlib.tlog\lib.command.1.tlog
